2019-05-31 16:52:52,685 - Log4JLogChute initialized using file 'velocity.log'
2019-05-31 16:52:52,685 - Initializing Velocity, Calling init()...
2019-05-31 16:52:52,685 - Starting Apache Velocity v1.7 (compiled: 2010-11-19 12:14:37)
2019-05-31 16:52:52,685 - Default Properties File: org\apache\velocity\runtime\defaults\velocity.properties
2019-05-31 16:52:52,686 - Trying to use logger class org.apache.velocity.runtime.log.AvalonLogChute
2019-05-31 16:52:52,686 - Target log system for org.apache.velocity.runtime.log.AvalonLogChute is not available (java.lang.NoClassDefFoundError: org/apache/log/Priority).  Falling back to next log system...
2019-05-31 16:52:52,686 - Trying to use logger class org.apache.velocity.runtime.log.Log4JLogChute
2019-05-31 16:52:52,686 - Using logger class org.apache.velocity.runtime.log.Log4JLogChute
2019-05-31 16:52:52,701 - ResourceLoader instantiated: org.apache.velocity.runtime.resource.loader.ClasspathResourceLoader
2019-05-31 16:52:52,745 - ResourceCache: initialized (class org.apache.velocity.runtime.resource.ResourceCacheImpl) with class java.util.Collections$SynchronizedMap cache map.
2019-05-31 16:52:52,760 - Loaded System Directive: org.apache.velocity.runtime.directive.Stop
2019-05-31 16:52:52,766 - Loaded System Directive: org.apache.velocity.runtime.directive.Define
2019-05-31 16:52:52,769 - Loaded System Directive: org.apache.velocity.runtime.directive.Break
2019-05-31 16:52:52,773 - Loaded System Directive: org.apache.velocity.runtime.directive.Evaluate
2019-05-31 16:52:52,776 - Loaded System Directive: org.apache.velocity.runtime.directive.Literal
2019-05-31 16:52:52,780 - Loaded System Directive: org.apache.velocity.runtime.directive.Macro
2019-05-31 16:52:52,786 - Loaded System Directive: org.apache.velocity.runtime.directive.Parse
2019-05-31 16:52:52,790 - Loaded System Directive: org.apache.velocity.runtime.directive.Include
2019-05-31 16:52:52,794 - Loaded System Directive: org.apache.velocity.runtime.directive.Foreach
2019-05-31 16:52:52,839 - Created '20' parsers.
2019-05-31 16:52:52,850 - Velocimacro : "velocimacro.library" is not set.  Trying default library: VM_global_library.vm
2019-05-31 16:52:52,864 - Could not load resource 'VM_global_library.vm' from ResourceLoader org.apache.velocity.runtime.resource.loader.ClasspathResourceLoader: ClasspathResourceLoader Error: cannot find resource VM_global_library.vm
2019-05-31 16:52:52,865 - Velocimacro : Default library not found.
2019-05-31 16:52:52,865 - Velocimacro : allowInline = true : VMs can be defined inline in templates
2019-05-31 16:52:52,865 - Velocimacro : allowInlineToOverride = false : VMs defined inline may NOT replace previous VM definitions
2019-05-31 16:52:52,865 - Velocimacro : allowInlineLocal = false : VMs defined inline will be global in scope if allowed.
2019-05-31 16:52:52,865 - Velocimacro : autoload off : VM system will not automatically reload global library macros
2019-05-31 16:54:26,381 - ResourceManager : unable to find resource 'vm/java/domain.java.vm' in any resource loader.
2019-05-31 17:02:47,168 - ResourceManager : unable to find resource 'vm/java/domain.java.vm' in any resource loader.
